2026-03-19 20:33:10 INFO     Session log cleared by user.
2026-03-19 20:33:12 INFO     Dr. Sidekick session ended
2026-03-19 20:33:14 INFO     ============================================================
2026-03-19 20:33:14 INFO     Dr. Sidekick 0.5.0 started
2026-03-19 20:33:17 INFO     Card opened: /Volumes/BOSS DATA/SMPINFO0.SP0 (8 slots populated)
2026-03-19 20:34:45 INFO     Write to card started: /Volumes/BOSS DATA
2026-03-19 20:34:46 INFO     C1: Level 60 -> 80
2026-03-19 20:34:46 INFO     C2: Level 60 -> 80
2026-03-19 20:34:46 INFO     C3: Level 60 -> 80
2026-03-19 20:34:46 INFO     C4: Level 60 -> 80
2026-03-19 20:34:46 INFO     C5: Level 60 -> 80
2026-03-19 20:34:46 INFO     C6: Level 60 -> 80
2026-03-19 20:34:46 INFO     C7: Level 60 -> 80
2026-03-19 20:34:46 INFO     C8: Level 60 -> 80
2026-03-19 20:34:46 INFO     Write to card complete: /Volumes/BOSS DATA
2026-03-19 20:35:02 INFO     Card opened: /Volumes/BOSS DATA/SMPINFO0.SP0 (8 slots populated)
2026-03-19 20:35:28 INFO     Card opened: /Volumes/BOSS DATA/SMPINFO0.SP0 (8 slots populated)
2026-03-19 20:36:09 INFO     Write to card started: /Volumes/BOSS DATA
2026-03-19 20:36:11 INFO     C1: Level 80 -> 60
2026-03-19 20:36:11 INFO     C2: Level 80 -> 60
2026-03-19 20:36:11 INFO     C3: Level 80 -> 60
2026-03-19 20:36:11 INFO     C4: Level 80 -> 60
2026-03-19 20:36:11 INFO     C5: Level 80 -> 60
2026-03-19 20:36:11 INFO     C6: Level 80 -> 60
2026-03-19 20:36:11 INFO     C7: Level 80 -> 60
2026-03-19 20:36:11 INFO     C8: Level 80 -> 60
2026-03-19 20:36:11 INFO     Write to card complete: /Volumes/BOSS DATA
2026-03-19 20:36:20 INFO     Dr. Sidekick session ended
2026-03-19 21:03:09 INFO     ============================================================
2026-03-19 21:03:09 INFO     Dr. Sidekick 0.5.0 started
2026-03-19 21:03:44 INFO     Restored Initialized Card to /Volumes/BOSS DATA
2026-03-19 21:04:42 INFO     Restored Vinyl Bank C to /Volumes/BOSS DATA
2026-03-19 21:05:30 INFO     Dr. Sidekick session ended
2026-03-19 21:30:34 INFO     ============================================================
2026-03-19 21:30:34 INFO     Dr. Sidekick 0.5.0 started
2026-03-19 21:30:38 DEBUG    Loaded 40 grooves for CR-78
2026-03-19 21:30:38 DEBUG    Loaded 11 grooves for DMX
2026-03-19 21:30:38 DEBUG    Loaded 8 grooves for LM-1
2026-03-19 21:30:38 DEBUG    Loaded 37 grooves for LinnDrum
2026-03-19 21:30:38 DEBUG    Loaded 1 grooves for MPC-1
2026-03-19 21:30:38 DEBUG    Loaded 28 grooves for MPC1000
2026-03-19 21:30:38 DEBUG    Loaded 29 grooves for MPC2000
2026-03-19 21:30:38 DEBUG    Loaded 29 grooves for MPC3000
2026-03-19 21:30:38 DEBUG    Loaded 28 grooves for MPC4000
2026-03-19 21:30:38 DEBUG    Loaded 28 grooves for MPC60
2026-03-19 21:30:38 DEBUG    Loaded 52 grooves for R-8
2026-03-19 21:30:38 DEBUG    Loaded 8 grooves for SP-1200
2026-03-19 21:30:38 DEBUG    Loaded 3 grooves for TR-505
2026-03-19 21:30:38 DEBUG    Loaded 3 grooves for TR-606
2026-03-19 21:30:38 DEBUG    Loaded 7 grooves for TR-626
2026-03-19 21:30:38 DEBUG    Loaded 7 grooves for TR-707
2026-03-19 21:30:38 DEBUG    Loaded 7 grooves for TR-727
2026-03-19 21:30:38 DEBUG    Loaded 3 grooves for TR-808
2026-03-19 21:30:38 DEBUG    Loaded 9 grooves for TR-909
2026-03-19 21:37:07 INFO     Dr. Sidekick session ended
2026-03-19 21:38:32 INFO     ============================================================
2026-03-19 21:38:32 INFO     Dr. Sidekick 0.5.0 started
2026-03-19 21:38:34 DEBUG    Loaded 40 grooves for CR-78
2026-03-19 21:38:34 DEBUG    Loaded 11 grooves for DMX
2026-03-19 21:38:34 DEBUG    Loaded 8 grooves for LM-1
2026-03-19 21:38:34 DEBUG    Loaded 37 grooves for LinnDrum
2026-03-19 21:38:34 DEBUG    Loaded 1 grooves for MPC-1
2026-03-19 21:38:34 DEBUG    Loaded 28 grooves for MPC1000
2026-03-19 21:38:34 DEBUG    Loaded 29 grooves for MPC2000
2026-03-19 21:38:34 DEBUG    Loaded 29 grooves for MPC3000
2026-03-19 21:38:34 DEBUG    Loaded 28 grooves for MPC4000
2026-03-19 21:38:34 DEBUG    Loaded 28 grooves for MPC60
2026-03-19 21:38:34 DEBUG    Loaded 52 grooves for R-8
2026-03-19 21:38:34 DEBUG    Loaded 8 grooves for SP-1200
2026-03-19 21:38:35 DEBUG    Loaded 3 grooves for TR-505
2026-03-19 21:38:35 DEBUG    Loaded 3 grooves for TR-606
2026-03-19 21:38:35 DEBUG    Loaded 7 grooves for TR-626
2026-03-19 21:38:35 DEBUG    Loaded 7 grooves for TR-707
2026-03-19 21:38:35 DEBUG    Loaded 7 grooves for TR-727
2026-03-19 21:38:35 DEBUG    Loaded 3 grooves for TR-808
2026-03-19 21:38:35 DEBUG    Loaded 9 grooves for TR-909
2026-03-19 21:44:47 INFO     Dr. Sidekick session ended
2026-03-19 21:47:42 INFO     ============================================================
2026-03-19 21:47:42 INFO     Dr. Sidekick 0.5.0 started
2026-03-19 21:47:47 DEBUG    Loaded 40 grooves for CR-78
2026-03-19 21:47:47 DEBUG    Loaded 11 grooves for DMX
2026-03-19 21:47:47 DEBUG    Loaded 8 grooves for LM-1
2026-03-19 21:47:47 DEBUG    Loaded 37 grooves for LinnDrum
2026-03-19 21:47:47 DEBUG    Loaded 1 grooves for MPC-1
2026-03-19 21:47:47 DEBUG    Loaded 28 grooves for MPC1000
2026-03-19 21:47:47 DEBUG    Loaded 29 grooves for MPC2000
2026-03-19 21:47:47 DEBUG    Loaded 29 grooves for MPC3000
2026-03-19 21:47:47 DEBUG    Loaded 28 grooves for MPC4000
2026-03-19 21:47:47 DEBUG    Loaded 28 grooves for MPC60
2026-03-19 21:47:47 DEBUG    Loaded 52 grooves for R-8
2026-03-19 21:47:47 DEBUG    Loaded 8 grooves for SP-1200
2026-03-19 21:47:47 DEBUG    Loaded 3 grooves for TR-505
2026-03-19 21:47:47 DEBUG    Loaded 3 grooves for TR-606
2026-03-19 21:47:47 DEBUG    Loaded 7 grooves for TR-626
2026-03-19 21:47:47 DEBUG    Loaded 7 grooves for TR-707
2026-03-19 21:47:47 DEBUG    Loaded 7 grooves for TR-727
2026-03-19 21:47:47 DEBUG    Loaded 3 grooves for TR-808
2026-03-19 21:47:47 DEBUG    Loaded 9 grooves for TR-909
2026-03-19 21:55:14 INFO     Dr. Sidekick session ended
2026-03-19 22:19:44 INFO     ============================================================
2026-03-19 22:19:46 INFO     Dr. Sidekick 0.5.0 started
2026-03-19 22:19:53 DEBUG    Loaded 40 grooves for CR-78
2026-03-19 22:19:53 DEBUG    Loaded 11 grooves for DMX
2026-03-19 22:19:53 DEBUG    Loaded 8 grooves for LM-1
2026-03-19 22:19:53 DEBUG    Loaded 37 grooves for LinnDrum
2026-03-19 22:19:53 DEBUG    Loaded 1 grooves for MPC-1
2026-03-19 22:19:53 DEBUG    Loaded 28 grooves for MPC1000
2026-03-19 22:19:53 DEBUG    Loaded 29 grooves for MPC2000
2026-03-19 22:19:53 DEBUG    Loaded 29 grooves for MPC3000
2026-03-19 22:19:53 DEBUG    Loaded 28 grooves for MPC4000
2026-03-19 22:19:53 DEBUG    Loaded 28 grooves for MPC60
2026-03-19 22:19:53 DEBUG    Loaded 52 grooves for R-8
2026-03-19 22:19:53 DEBUG    Loaded 8 grooves for SP-1200
2026-03-19 22:19:53 DEBUG    Loaded 3 grooves for TR-505
2026-03-19 22:19:53 DEBUG    Loaded 3 grooves for TR-606
2026-03-19 22:19:53 DEBUG    Loaded 7 grooves for TR-626
2026-03-19 22:19:53 DEBUG    Loaded 7 grooves for TR-707
2026-03-19 22:19:53 DEBUG    Loaded 7 grooves for TR-727
2026-03-19 22:19:53 DEBUG    Loaded 3 grooves for TR-808
2026-03-19 22:19:53 DEBUG    Loaded 9 grooves for TR-909
2026-03-19 22:27:32 INFO     Dr. Sidekick session ended
